# JRE version: OpenJDK Runtime Environment (8.0_152-b02) (build 1.8.0_152-release-1024-b02)
# Java VM: OpenJDK 64-Bit Server VM (25.152-b02 mixed mode windows-amd64 compressed oops)
Heap:
 PSYoungGen      total 487424K, used 395351K [0x00000000e0000000, 0x0000000100000000, 0x0000000100000000)
  eden space 450560K, 79% used [0x00000000e0000000,0x00000000f5e16410,0x00000000fb800000)
  from space 36864K, 99% used [0x00000000fb800000,0x00000000fdbff9c8,0x00000000fdc00000)
  to   space 36864K, 0% used [0x00000000fdc00000,0x00000000fdc00000,0x0000000100000000)
 ParOldGen       total 182272K, used 70464K [0x00000000a0000000, 0x00000000ab200000, 0x00000000e0000000)
  object space 182272K, 38% used [0x00000000a0000000,0x00000000a44d03d8,0x00000000ab200000)
 Metaspace       used 84240K, capacity 89454K, committed 92184K, reserved 1130496K
  class space    used 10535K, capacity 11414K, committed 12080K, reserved 1048576K
GC Heap History (10 events):
Event: 2229.972 GC heap before
{Heap before GC invocations=35 (full 4):
 PSYoungGen      total 488448K, used 474811K [0x00000000e0000000, 0x00000000fff00000, 0x0000000100000000)
  eden space 454656K, 100% used [0x00000000e0000000,0x00000000fbc00000,0x00000000fbc00000)
  from space 33792K, 59% used [0x00000000fde00000,0x00000000ff1aeea0,0x00000000fff00000)
  to   space 34304K, 0% used [0x00000000fbc00000,0x00000000fbc00000,0x00000000fdd80000)
 ParOldGen       total 182272K, used 52170K [0x00000000a0000000, 0x00000000ab200000, 0x00000000e0000000)
  object space 182272K, 28% used [0x00000000a0000000,0x00000000a32f2900,0x00000000ab200000)
 Metaspace       used 84067K, capacity 89252K, committed 92184K, reserved 1130496K
  class space    used 10533K, capacity 11411K, committed 12080K, reserved 1048576K
Event: 2229.997 GC heap after
Heap after GC invocations=35 (full 4):
 PSYoungGen      total 488960K, used 23333K [0x00000000e0000000, 0x0000000100000000, 0x0000000100000000)
  eden space 454656K, 0% used [0x00000000e0000000,0x00000000e0000000,0x00000000fbc00000)
  from space 34304K, 68% used [0x00000000fbc00000,0x00000000fd2c9610,0x00000000fdd80000)
  to   space 34816K, 0% used [0x00000000fde00000,0x00000000fde00000,0x0000000100000000)
 ParOldGen       total 182272K, used 52178K [0x00000000a0000000, 0x00000000ab200000, 0x00000000e0000000)
  object space 182272K, 28% used [0x00000000a0000000,0x00000000a32f4900,0x00000000ab200000)
 Metaspace       used 84067K, capacity 89252K, committed 92184K, reserved 1130496K
  class space    used 10533K, capacity 11411K, committed 12080K, reserved 1048576K
}
Event: 2230.562 GC heap before
{Heap before GC invocations=36 (full 4):
 PSYoungGen      total 488960K, used 477989K [0x00000000e0000000, 0x0000000100000000, 0x0000000100000000)
  eden space 454656K, 100% used [0x00000000e0000000,0x00000000fbc00000,0x00000000fbc00000)
  from space 34304K, 68% used [0x00000000fbc00000,0x00000000fd2c9610,0x00000000fdd80000)
  to   space 34816K, 0% used [0x00000000fde00000,0x00000000fde00000,0x0000000100000000)
 ParOldGen       total 182272K, used 52178K [0x00000000a0000000, 0x00000000ab200000, 0x00000000e0000000)
  object space 182272K, 28% used [0x00000000a0000000,0x00000000a32f4900,0x00000000ab200000)
 Metaspace       used 84093K, capacity 89316K, committed 92184K, reserved 1130496K
  class space    used 10534K, capacity 11411K, committed 12080K, reserved 1048576K
Event: 2230.593 GC heap after
Heap after GC invocations=36 (full 4):
 PSYoungGen      total 486400K, used 26353K [0x00000000e0000000, 0x0000000100000000, 0x0000000100000000)
  eden space 451584K, 0% used [0x00000000e0000000,0x00000000e0000000,0x00000000fb900000)
  from space 34816K, 75% used [0x00000000fde00000,0x00000000ff7bc7a0,0x0000000100000000)
  to   space 36352K, 0% used [0x00000000fb900000,0x00000000fb900000,0x00000000fdc80000)
 ParOldGen       total 182272K, used 52178K [0x00000000a0000000, 0x00000000ab200000, 0x00000000e0000000)
  object space 182272K, 28% used [0x00000000a0000000,0x00000000a32f4900,0x00000000ab200000)
 Metaspace       used 84093K, capacity 89316K, committed 92184K, reserved 1130496K
  class space    used 10534K, capacity 11411K, committed 12080K, reserved 1048576K
}
Event: 2231.098 GC heap before
{Heap before GC invocations=37 (full 4):
 PSYoungGen      total 486400K, used 477937K [0x00000000e0000000, 0x0000000100000000, 0x0000000100000000)
  eden space 451584K, 100% used [0x00000000e0000000,0x00000000fb900000,0x00000000fb900000)
  from space 34816K, 75% used [0x00000000fde00000,0x00000000ff7bc7a0,0x0000000100000000)
  to   space 36352K, 0% used [0x00000000fb900000,0x00000000fb900000,0x00000000fdc80000)
 ParOldGen       total 182272K, used 52178K [0x00000000a0000000, 0x00000000ab200000, 0x00000000e0000000)
  object space 182272K, 28% used [0x00000000a0000000,0x00000000a32f4900,0x00000000ab200000)
 Metaspace       used 84110K, capacity 89316K, committed 92184K, reserved 1130496K
  class space    used 10534K, capacity 11411K, committed 12080K, reserved 1048576K
Event: 2231.121 GC heap after
Heap after GC invocations=37 (full 4):
 PSYoungGen      total 487936K, used 7833K [0x00000000e0000000, 0x0000000100000000, 0x0000000100000000)
  eden space 451584K, 0% used [0x00000000e0000000,0x00000000e0000000,0x00000000fb900000)
  from space 36352K, 21% used [0x00000000fb900000,0x00000000fc0a64a8,0x00000000fdc80000)
  to   space 36352K, 0% used [0x00000000fdc80000,0x00000000fdc80000,0x0000000100000000)
 ParOldGen       total 182272K, used 62137K [0x00000000a0000000, 0x00000000ab200000, 0x00000000e0000000)
  object space 182272K, 34% used [0x00000000a0000000,0x00000000a3cae630,0x00000000ab200000)
 Metaspace       used 84110K, capacity 89316K, committed 92184K, reserved 1130496K
  class space    used 10534K, capacity 11411K, committed 12080K, reserved 1048576K
}
Event: 2231.744 GC heap before
{Heap before GC invocations=38 (full 4):
 PSYoungGen      total 487936K, used 459417K [0x00000000e0000000, 0x0000000100000000, 0x0000000100000000)
  eden space 451584K, 100% used [0x00000000e0000000,0x00000000fb900000,0x00000000fb900000)
  from space 36352K, 21% used [0x00000000fb900000,0x00000000fc0a64a8,0x00000000fdc80000)
  to   space 36352K, 0% used [0x00000000fdc80000,0x00000000fdc80000,0x0000000100000000)
 ParOldGen       total 182272K, used 62137K [0x00000000a0000000, 0x00000000ab200000, 0x00000000e0000000)
  object space 182272K, 34% used [0x00000000a0000000,0x00000000a3cae630,0x00000000ab200000)
 Metaspace       used 84144K, capacity 89380K, committed 92184K, reserved 1130496K
  class space    used 10534K, capacity 11411K, committed 12080K, reserved 1048576K
Event: 2231.759 GC heap after
Heap after GC invocations=38 (full 4):
 PSYoungGen      total 486912K, used 5011K [0x00000000e0000000, 0x0000000100000000, 0x0000000100000000)
  eden space 450560K, 0% used [0x00000000e0000000,0x00000000e0000000,0x00000000fb800000)
  from space 36352K, 13% used [0x00000000fdc80000,0x00000000fe164d80,0x0000000100000000)
  to   space 36864K, 0% used [0x00000000fb800000,0x00000000fb800000,0x00000000fdc00000)
 ParOldGen       total 182272K, used 66530K [0x00000000a0000000, 0x00000000ab200000, 0x00000000e0000000)
  object space 182272K, 36% used [0x00000000a0000000,0x00000000a40f8938,0x00000000ab200000)
 Metaspace       used 84144K, capacity 89380K, committed 92184K, reserved 1130496K
  class space    used 10534K, capacity 11411K, committed 12080K, reserved 1048576K
}
Event: 2233.251 GC heap before
{Heap before GC invocations=39 (full 4):
 PSYoungGen      total 486912K, used 455571K [0x00000000e0000000, 0x0000000100000000, 0x0000000100000000)
  eden space 450560K, 100% used [0x00000000e0000000,0x00000000fb800000,0x00000000fb800000)
  from space 36352K, 13% used [0x00000000fdc80000,0x00000000fe164d80,0x0000000100000000)
  to   space 36864K, 0% used [0x00000000fb800000,0x00000000fb800000,0x00000000fdc00000)
 ParOldGen       total 182272K, used 66530K [0x00000000a0000000, 0x00000000ab200000, 0x00000000e0000000)
  object space 182272K, 36% used [0x00000000a0000000,0x00000000a40f8938,0x00000000ab200000)
 Metaspace       used 84186K, capacity 89386K, committed 92184K, reserved 1130496K
  class space    used 10534K, capacity 11412K, committed 12080K, reserved 1048576K
Event: 2233.295 GC heap after
Heap after GC invocations=39 (full 4):
 PSYoungGen      total 487424K, used 36862K [0x00000000e0000000, 0x0000000100000000, 0x0000000100000000)
  eden space 450560K, 0% used [0x00000000e0000000,0x00000000e0000000,0x00000000fb800000)
  from space 36864K, 99% used [0x00000000fb800000,0x00000000fdbff9c8,0x00000000fdc00000)
  to   space 36864K, 0% used [0x00000000fdc00000,0x00000000fdc00000,0x0000000100000000)
 ParOldGen       total 182272K, used 70464K [0x00000000a0000000, 0x00000000ab200000, 0x00000000e0000000)
  object space 182272K, 38% used [0x00000000a0000000,0x00000000a44d03d8,0x00000000ab200000)
 Metaspace       used 84186K, capacity 89386K, committed 92184K, reserved 1130496K
  class space    used 10534K, capacity 11412K, committed 12080K, reserved 1048576K
}

